app/build/intermediates/manifest_merge_blame_file/debug/manifest-merger-blame-debug-report.txt
1<?xml version="1.0" encoding="utf-8"?>
2<manifest xmlns:android="http://schemas.android.com/apk/res/android"
3    package="com.achunt.weboslauncher"
4    android:versionCode="1"
5    android:versionName="1.0" >
6
7    <uses-sdk
8        android:minSdkVersion="26"
8-->src\main\AndroidManifest.xml
9        android:targetSdkVersion="32" />
9-->src\main\AndroidManifest.xml
10
11    <uses-permission android:name="android.permission.QUERY_ALL_PACKAGES" />
11-->src\main\AndroidManifest.xml:6:5-8:53
11-->src\main\AndroidManifest.xml:7:9-61
12
13    <application
13-->src\main\AndroidManifest.xml:10:5-37:19
14        android:allowBackup="true"
14-->src\main\AndroidManifest.xml:11:9-35
15        android:appComponentFactory="androidx.core.app.CoreComponentFactory"
15-->[androidx.core:core:1.8.0] AndroidManifest.xml:24:18-86
16        android:clearTaskOnLaunch="false"
16-->src\main\AndroidManifest.xml:19:9-42
17        android:dataExtractionRules="@xml/data_extraction_rules"
17-->src\main\AndroidManifest.xml:12:9-65
18        android:debuggable="true"
19        android:extractNativeLibs="false"
20        android:fullBackupContent="@xml/backup_rules"
20-->src\main\AndroidManifest.xml:13:9-54
21        android:icon="@drawable/launcher"
21-->src\main\AndroidManifest.xml:14:9-42
22        android:label="@string/app_name"
22-->src\main\AndroidManifest.xml:15:9-41
23        android:launchMode="singleTask"
23-->src\main\AndroidManifest.xml:20:9-40
24        android:roundIcon="@drawable/launcher"
24-->src\main\AndroidManifest.xml:16:9-47
25        android:screenOrientation="nosensor"
25-->src\main\AndroidManifest.xml:21:9-45
26        android:stateNotNeeded="true"
26-->src\main\AndroidManifest.xml:22:9-38
27        android:supportsRtl="true"
27-->src\main\AndroidManifest.xml:17:9-35
28        android:testOnly="true"
29        android:theme="@style/Theme.WebOSLauncher"
29-->src\main\AndroidManifest.xml:18:9-51
30        android:windowSoftInputMode="stateUnspecified|adjustPan" >
30-->src\main\AndroidManifest.xml:23:9-65
31        <activity
31-->src\main\AndroidManifest.xml:25:9-36:20
32            android:name="com.achunt.weboslauncher.MainActivity"
32-->src\main\AndroidManifest.xml:26:13-41
33            android:exported="true" >
33-->src\main\AndroidManifest.xml:27:13-36
34            <intent-filter>
34-->src\main\AndroidManifest.xml:28:13-35:29
35                <action android:name="android.intent.action.MAIN" />
35-->src\main\AndroidManifest.xml:29:17-69
35-->src\main\AndroidManifest.xml:29:25-66
36
37                <category android:name="android.intent.category.LAUNCHER" />
37-->src\main\AndroidManifest.xml:31:17-77
37-->src\main\AndroidManifest.xml:31:27-74
38                <category android:name="android.intent.category.HOME" />
38-->src\main\AndroidManifest.xml:32:17-73
38-->src\main\AndroidManifest.xml:32:27-70
39                <category android:name="android.intent.category.DEFAULT" />
39-->src\main\AndroidManifest.xml:33:17-76
39-->src\main\AndroidManifest.xml:33:27-73
40                <category android:name="android.intent.category.MONKEY" />
40-->src\main\AndroidManifest.xml:34:17-75
40-->src\main\AndroidManifest.xml:34:27-72
41            </intent-filter>
42        </activity>
43
44        <uses-library
44-->[androidx.window:window:1.0.0] AndroidManifest.xml:25:9-27:40
45            android:name="androidx.window.extensions"
45-->[androidx.window:window:1.0.0] AndroidManifest.xml:26:13-54
46            android:required="false" />
46-->[androidx.window:window:1.0.0] AndroidManifest.xml:27:13-37
47        <uses-library
47-->[androidx.window:window:1.0.0] AndroidManifest.xml:28:9-30:40
48            android:name="androidx.window.sidecar"
48-->[androidx.window:window:1.0.0] AndroidManifest.xml:29:13-51
49            android:required="false" />
49-->[androidx.window:window:1.0.0] AndroidManifest.xml:30:13-37
50    </application>
51
52</manifest>